TEXT draftOffice    4
2026-03-10 9:00 John Smith
2026-03-10 9:00 George Peterson
2026-03-10 9:10 Alice Cooper
2024-01-01 9:00 Henry Montgomery
TEXT parking#1    3
2026-03-10 10:40 Alice Cooper
2026-03-10 12:00 Jane Bush
2026-03-12 9:00 John Smith
TEXT parking#2    3
2026-03-10 9:00 Brandon Schwabs
2026-03-10 10:00 Tim Cook
2027-01-01 12:00 Henry Montgomery
TEXT parking#3    4
2026-03-10 9:02 Brandon Schwabs
2026-03-10 9:30 John Smith
2026-03-10 9:05 George Peterson
2026-03-10 10:03 Tim Cook
TEXT parking#2    5
2026-03-12 17:00 John Smith
2024-02-28 23:58 Robert Smith
2024-03-01 0:03 Robert Smith
2026-02-28 23:58 Robert Smith
2026-03-01 0:03 Robert Smith
TEXT privateParking    1
2023-01-01 0:00 <classified>
TEXT alienResearchFacility    0
